<?xml version="1.0" encoding="UTF-8"?>
<testsuite name="com.apicloud.ApiGatewayApplicationTests" time="0.029" tests="1" errors="0" skipped="0" failures="0">
  <properties>
    <property name="java.runtime.name" value="Java(TM) SE Runtime Environment"/>
    <property name="sun.boot.library.path" value="D:\Softwares\java\Java\jdk1.8.0_91\jre\bin"/>
    <property name="java.vm.version" value="25.91-b15"/>
    <property name="java.vm.vendor" value="Oracle Corporation"/>
    <property name="maven.multiModuleProjectDirectory" value="D:\projects\api-gateway"/>
    <property name="java.vendor.url" value="http://java.oracle.com/"/>
    <property name="path.separator" value=";"/>
    <property name="guice.disable.misplaced.annotation.check" value="true"/>
    <property name="java.vm.name" value="Java HotSpot(TM) 64-Bit Server VM"/>
    <property name="file.encoding.pkg" value="sun.io"/>
    <property name="user.script" value=""/>
    <property name="user.country" value="US"/>
    <property name="sun.java.launcher" value="SUN_STANDARD"/>
    <property name="sun.os.patch.level" value="Service Pack 1"/>
    <property name="java.vm.specification.name" value="Java Virtual Machine Specification"/>
    <property name="user.dir" value="D:\projects\api-gateway"/>
    <property name="java.runtime.version" value="1.8.0_91-b15"/>
    <property name="java.awt.graphicsenv" value="sun.awt.Win32GraphicsEnvironment"/>
    <property name="java.endorsed.dirs" value="D:\Softwares\java\Java\jdk1.8.0_91\jre\lib\endorsed"/>
    <property name="os.arch" value="amd64"/>
    <property name="java.io.tmpdir" value="C:\Users\Sharvan_Kumar\AppData\Local\Temp\"/>
    <property name="line.separator" value="&#10;"/>
    <property name="java.vm.specification.vendor" value="Oracle Corporation"/>
    <property name="user.variant" value=""/>
    <property name="os.name" value="Windows 7"/>
    <property name="classworlds.conf" value="D:\workspace_micro\.metadata\.plugins\org.eclipse.m2e.launching\launches\m2conf4533162492903423679.tmp"/>
    <property name="sun.jnu.encoding" value="Cp1252"/>
    <property name="java.library.path" value="D:\Softwares\java\Java\jdk1.8.0_91\bin;C:\windows\Sun\Java\bin;C:\windows\system32;C:\windows;D:/Softwares/bin/server;D:/Softwares/bin;D:/Softwares/lib/amd64;C:\ProgramData\Oracle\Java\javapath;C:\windows\system32;C:\windows;C:\windows\System32\Wbem;C:\windows\System32\WindowsPowerShell\v1.0\;C:\Program Files\MySQL\MySQL Utilities 1.6\;D:\InstallAnywhere\nodejs\;D:\InstallAnywhere\gitsoft\Git\cmd;C:\ProgramData\ComposerSetup\bin;C:\ProgramData\Oracle\Java\javapath;C:\windows\system32;C:\windows;C:\windows\System32\Wbem;C:\windows\System32\WindowsPowerShell\v1.0\;C:\Program Files\MySQL\MySQL Utilities 1.6\;D:\InstallAnywhere\nodejs\;D:\InstallAnywhere\miniconda;D:\InstallAnywhere\miniconda\Scripts;D:\InstallAnywhere\miniconda\Library\bin;C:\Users\Sharvan_Kumar\AppData\Roaming\npm;D:\Softwares\java\Java\jdk1.8.0_91\\bin;D:\InstallAnywhere\xampp\php;C:\Users\Sharvan_Kumar\AppData\Roaming\Composer\vendor\bin;D:\InstallAnywhere\Microsoft VS Code\bin;D:\InstallAnywhere\Google\google-cloud-sdk\bin;D:\Softwares\spring-tool-suite-3.8.0.RELEASE-e4.6-win32-x86_64\sts-bundle\sts-3.8.0.RELEASE;;."/>
    <property name="java.specification.name" value="Java Platform API Specification"/>
    <property name="java.class.version" value="52.0"/>
    <property name="sun.management.compiler" value="HotSpot 64-Bit Tiered Compilers"/>
    <property name="os.version" value="6.1"/>
    <property name="user.home" value="C:\Users\Sharvan_Kumar"/>
    <property name="user.timezone" value="Asia/Calcutta"/>
    <property name="java.awt.printerjob" value="sun.awt.windows.WPrinterJob"/>
    <property name="java.specification.version" value="1.8"/>
    <property name="file.encoding" value="Cp1252"/>
    <property name="user.name" value="Sharvan_Kumar"/>
    <property name="java.class.path" value="/D:/Softwares/spring-tool-suite-3.8.0.RELEASE-e4.6-win32-x86_64/sts-bundle/sts-3.8.0.RELEASE/plugins/org.eclipse.m2e.maven.runtime_1.7.0.20160603-1931/jars/plexus-classworlds-2.5.2.jar"/>
    <property name="java.vm.specification.version" value="1.8"/>
    <property name="sun.arch.data.model" value="64"/>
    <property name="java.home" value="D:\Softwares\java\Java\jdk1.8.0_91\jre"/>
    <property name="sun.java.command" value="org.codehaus.plexus.classworlds.launcher.Launcher -B package"/>
    <property name="java.specification.vendor" value="Oracle Corporation"/>
    <property name="user.language" value="en"/>
    <property name="awt.toolkit" value="sun.awt.windows.WToolkit"/>
    <property name="java.vm.info" value="mixed mode"/>
    <property name="java.version" value="1.8.0_91"/>
    <property name="java.ext.dirs" value="D:\Softwares\java\Java\jdk1.8.0_91\jre\lib\ext;C:\windows\Sun\Java\lib\ext"/>
    <property name="sun.boot.class.path" value="D:\Softwares\java\Java\jdk1.8.0_91\jre\lib\resources.jar;D:\Softwares\java\Java\jdk1.8.0_91\jre\lib\rt.jar;D:\Softwares\java\Java\jdk1.8.0_91\jre\lib\sunrsasign.jar;D:\Softwares\java\Java\jdk1.8.0_91\jre\lib\jsse.jar;D:\Softwares\java\Java\jdk1.8.0_91\jre\lib\jce.jar;D:\Softwares\java\Java\jdk1.8.0_91\jre\lib\charsets.jar;D:\Softwares\java\Java\jdk1.8.0_91\jre\lib\jfr.jar;D:\Softwares\java\Java\jdk1.8.0_91\jre\classes"/>
    <property name="java.vendor" value="Oracle Corporation"/>
    <property name="maven.home" value="D:\projects\api-gateway\EMBEDDED"/>
    <property name="file.separator" value="\"/>
    <property name="java.vendor.url.bug" value="http://bugreport.sun.com/bugreport/"/>
    <property name="sun.cpu.endian" value="little"/>
    <property name="sun.io.unicode.encoding" value="UnicodeLittle"/>
    <property name="sun.desktop" value="windows"/>
    <property name="sun.cpu.isalist" value="amd64"/>
  </properties>
  <testcase name="contextLoads" classname="com.apicloud.ApiGatewayApplicationTests" time="0.029"/>
</testsuite>